2026-01-20 11:41:16,387 INFO o.a.j.u.JMeterUtils: Setting Locale to en_US
2026-01-20 11:41:16,481 INFO o.a.j.JMeter: Loading user properties from: user.properties
2026-01-20 11:41:16,497 INFO o.a.j.JMeter: Loading system properties from: system.properties
2026-01-20 11:41:16,543 INFO o.a.j.JMeter: Copyright (c) 1998-2024 The Apache Software Foundation
2026-01-20 11:41:16,543 INFO o.a.j.JMeter: Version 5.6.3
2026-01-20 11:41:16,543 INFO o.a.j.JMeter: java.version=1.8.0_461
2026-01-20 11:41:16,543 INFO o.a.j.JMeter: java.vm.name=Java HotSpot(TM) Client VM
2026-01-20 11:41:16,543 INFO o.a.j.JMeter: os.name=Windows 10
2026-01-20 11:41:16,543 INFO o.a.j.JMeter: os.arch=x86
2026-01-20 11:41:16,543 INFO o.a.j.JMeter: os.version=10.0
2026-01-20 11:41:16,543 INFO o.a.j.JMeter: file.encoding=Cp1252
2026-01-20 11:41:16,543 INFO o.a.j.JMeter: java.awt.headless=null
2026-01-20 11:41:16,543 INFO o.a.j.JMeter: Max memory     =259522560
2026-01-20 11:41:16,543 INFO o.a.j.JMeter: Available Processors =4
2026-01-20 11:41:16,543 INFO o.a.j.JMeter: Default Locale=English (United States)
2026-01-20 11:41:16,543 INFO o.a.j.JMeter: JMeter  Locale=English (United States)
2026-01-20 11:41:16,543 INFO o.a.j.JMeter: JMeterHome=D:\apache-jmeter-5.6.3\apache-jmeter-5.6.3
2026-01-20 11:41:16,543 INFO o.a.j.JMeter: user.dir  =D:\apache-jmeter-5.6.3\apache-jmeter-5.6.3\bin
2026-01-20 11:41:16,543 INFO o.a.j.JMeter: PWD       =D:\apache-jmeter-5.6.3\apache-jmeter-5.6.3\bin
2026-01-20 11:41:16,653 INFO o.a.j.JMeter: IP: 192.168.1.33 Name: DESKTOP-494TI5G FullName: 192.168.1.33
2026-01-20 11:41:16,747 INFO o.a.j.JMeter: Loaded icon properties from org/apache/jmeter/images/icon.properties
2026-01-20 11:41:17,418 INFO o.a.j.JMeterGuiLauncher: Setting LAF to: com.github.weisj.darklaf.DarkLaf:com.github.weisj.darklaf.theme.DarculaTheme
2026-01-20 11:41:21,137 INFO o.a.j.r.ClassFinder: Will scan jar D:\apache-jmeter-5.6.3\apache-jmeter-5.6.3\lib\ext\jmeter-plugins-manager-1.10.jar with filter ExtendsClassFilter [parents=[interface org.apache.jmeter.gui.action.Command], inner=false, contains=null, notContains=null]. Consider exposing JMeter plugins via META-INF/services, and add JMeter-Skip-Class-Scanning=true manifest attribute so JMeter can skip classfile scanning
2026-01-20 11:41:21,387 INFO o.a.j.r.ClassFinder: Will scan jar D:\apache-jmeter-5.6.3\apache-jmeter-5.6.3\lib\ext\har-convertor-jmeter-plugin-7.1-jar-with-dependencies.jar with filter ExtendsClassFilter [parents=[interface org.apache.jmeter.gui.action.Command], inner=false, contains=null, notContains=null]. Consider exposing JMeter plugins via META-INF/services, and add JMeter-Skip-Class-Scanning=true manifest attribute so JMeter can skip classfile scanning
2026-01-20 11:41:22,434 INFO o.a.j.r.ClassFinder: Will scan jar D:\apache-jmeter-5.6.3\apache-jmeter-5.6.3\lib\ext\jmeter-plugins-manager-1.10.jar with filter ExtendsClassFilter [parents=[interface org.apache.jmeter.gui.plugin.MenuCreator], inner=false, contains=null, notContains=null]. Consider exposing JMeter plugins via META-INF/services, and add JMeter-Skip-Class-Scanning=true manifest attribute so JMeter can skip classfile scanning
2026-01-20 11:41:22,449 INFO o.a.j.r.ClassFinder: Will scan jar D:\apache-jmeter-5.6.3\apache-jmeter-5.6.3\lib\ext\har-convertor-jmeter-plugin-7.1-jar-with-dependencies.jar with filter ExtendsClassFilter [parents=[interface org.apache.jmeter.gui.plugin.MenuCreator], inner=false, contains=null, notContains=null]. Consider exposing JMeter plugins via META-INF/services, and add JMeter-Skip-Class-Scanning=true manifest attribute so JMeter can skip classfile scanning
2026-01-20 11:41:23,527 INFO o.j.r.JARSourceHTTP: Requesting https://jmeter-plugins.org/repo/?installID=windows_10-da8cee6e493f72a64d1f3936a78ddaa6-gui
2026-01-20 11:41:29,943 INFO o.j.r.PluginManager: Plugins Status: [jpgc-plugins-manager=1.10, jmeter-core=5.6.3, jmeter-ftp=5.6.3, jmeter-http=5.6.3, jmeter-jdbc=5.6.3, jmeter-jms=5.6.3, jmeter-junit=5.6.3, jmeter-java=5.6.3, jmeter-ldap=5.6.3, jmeter-mail=5.6.3, jmeter-mongodb=5.6.3, jmeter-native=5.6.3, jmeter-tcp=5.6.3, jmeter-components=5.6.3, vdn-har-convertor-jmeter-tool=7.1]
2026-01-20 11:41:29,943 INFO o.j.r.PluginManagerMenuItem: Plugins Manager has upgrades: [jpgc-plugins-manager, vdn-har-convertor-jmeter-tool]
2026-01-20 11:42:01,843 INFO o.a.j.s.FileServer: Default base='D:\apache-jmeter-5.6.3\apache-jmeter-5.6.3\bin'
2026-01-20 11:42:01,859 INFO o.a.j.g.a.Load: Loading file: D:\apache-jmeter-5.6.3\Test_File.jmx
2026-01-20 11:42:01,859 INFO o.a.j.s.FileServer: Set new base='D:\apache-jmeter-5.6.3'
2026-01-20 11:42:02,484 INFO o.a.j.s.SaveService: Testplan (JMX) version: 2.2. Testlog (JTL) version: 2.2
2026-01-20 11:42:02,537 INFO o.a.j.s.SaveService: Using SaveService properties file encoding UTF-8
2026-01-20 11:42:02,537 INFO o.a.j.s.SaveService: Using SaveService properties version 5.0
2026-01-20 11:42:02,545 INFO o.a.j.s.SaveService: Loading file: D:\apache-jmeter-5.6.3\Test_File.jmx
2026-01-20 11:42:03,001 INFO o.a.j.p.h.s.HTTPSamplerBase: Parser for text/html is org.apache.jmeter.protocol.http.parser.LagartoBasedHtmlParser
2026-01-20 11:42:03,001 INFO o.a.j.p.h.s.HTTPSamplerBase: Parser for application/xhtml+xml is org.apache.jmeter.protocol.http.parser.LagartoBasedHtmlParser
2026-01-20 11:42:03,001 INFO o.a.j.p.h.s.HTTPSamplerBase: Parser for application/xml is org.apache.jmeter.protocol.http.parser.LagartoBasedHtmlParser
2026-01-20 11:42:03,001 INFO o.a.j.p.h.s.HTTPSamplerBase: Parser for text/xml is org.apache.jmeter.protocol.http.parser.LagartoBasedHtmlParser
2026-01-20 11:42:03,001 INFO o.a.j.p.h.s.HTTPSamplerBase: Parser for text/vnd.wap.wml is org.apache.jmeter.protocol.http.parser.RegexpHTMLParser
2026-01-20 11:42:03,001 INFO o.a.j.p.h.s.HTTPSamplerBase: Parser for text/css is org.apache.jmeter.protocol.http.parser.CssParser
2026-01-20 11:42:03,626 INFO o.a.j.s.SampleResult: Note: Sample TimeStamps are START times
2026-01-20 11:42:03,626 INFO o.a.j.s.SampleResult: sampleresult.default.encoding is set to UTF-8
2026-01-20 11:42:03,626 INFO o.a.j.s.SampleResult: sampleresult.useNanoTime=true
2026-01-20 11:42:03,626 INFO o.a.j.s.SampleResult: sampleresult.nanoThreadSleep=5000
2026-01-20 11:42:03,719 INFO o.a.j.r.ClassFinder: Will scan jar D:\apache-jmeter-5.6.3\apache-jmeter-5.6.3\lib\ext\jmeter-plugins-manager-1.10.jar with filter ExtendsClassFilter [parents=[interface org.apache.jmeter.visualizers.ResultRenderer], inner=false, contains=null, notContains=null]. Consider exposing JMeter plugins via META-INF/services, and add JMeter-Skip-Class-Scanning=true manifest attribute so JMeter can skip classfile scanning
2026-01-20 11:42:03,719 INFO o.a.j.r.ClassFinder: Will scan jar D:\apache-jmeter-5.6.3\apache-jmeter-5.6.3\lib\ext\har-convertor-jmeter-plugin-7.1-jar-with-dependencies.jar with filter ExtendsClassFilter [parents=[interface org.apache.jmeter.visualizers.ResultRenderer], inner=false, contains=null, notContains=null]. Consider exposing JMeter plugins via META-INF/services, and add JMeter-Skip-Class-Scanning=true manifest attribute so JMeter can skip classfile scanning
2026-01-20 11:42:03,782 INFO o.a.j.r.ClassFinder: Will scan jar D:\apache-jmeter-5.6.3\apache-jmeter-5.6.3\lib\ext\jmeter-plugins-manager-1.10.jar with filter ExtendsClassFilter [parents=[interface org.apache.jmeter.visualizers.RequestView], inner=false, contains=null, notContains=null]. Consider exposing JMeter plugins via META-INF/services, and add JMeter-Skip-Class-Scanning=true manifest attribute so JMeter can skip classfile scanning
2026-01-20 11:42:03,782 INFO o.a.j.r.ClassFinder: Will scan jar D:\apache-jmeter-5.6.3\apache-jmeter-5.6.3\lib\ext\har-convertor-jmeter-plugin-7.1-jar-with-dependencies.jar with filter ExtendsClassFilter [parents=[interface org.apache.jmeter.visualizers.RequestView], inner=false, contains=null, notContains=null]. Consider exposing JMeter plugins via META-INF/services, and add JMeter-Skip-Class-Scanning=true manifest attribute so JMeter can skip classfile scanning
2026-01-20 11:42:03,922 INFO o.a.j.s.FileServer: Set new base='D:\apache-jmeter-5.6.3'
